<?xml version="1.0" encoding="UTF-8"?>
<!-- Generated by org.testng.reporters.JUnitXMLReporter -->
<testsuite ignored="0" hostname="Akhil" failures="0" tests="6" name="Test" time="356.258" errors="0" timestamp="2024-10-18T16:51:38 IST">
  <testcase classname="OrangeHRMTestcases.TC_1_Admin_LoginTestCase" name="Adminlogintest" time="17.09"/>
  <testcase classname="OrangeHRMTestcases.TC_2_AddNewEmployee" name="AddEmployee" time="71.1"/>
  <testcase classname="OrangeHRMTestcases.TC_3_EmployeeLogin" name="EmployeeLogin" time="24.629"/>
  <testcase classname="OrangeHRMTestcases.TC_4_AddEmployeeInfo" name="AddDetails" time="52.049"/>
  <testcase classname="OrangeHRMTestcases.TC_5_AddEmployeeQualification" name="EmployeeQualification" time="81.094"/>
  <testcase classname="OrangeHRMTestcases.TC_6_AdminCheckingEmployee" name="EmployeeChecking" time="56.635"/>
</testsuite> <!-- Test -->
