<?xml version="1.0" encoding="UTF-8"?>
<testng-results ignored="0" total="6" passed="6" failed="0" skipped="0">
  <reporter-output>
  </reporter-output>
  <suite started-at="2024-10-18T16:45:41 IST" name="Suite" finished-at="2024-10-18T16:51:38 IST" duration-ms="356258">
    <groups>
    </groups>
    <test started-at="2024-10-18T16:45:41 IST" name="Test" finished-at="2024-10-18T16:51:38 IST" duration-ms="356258">
      <class name="OrangeHRMTestcases.TC_5_AddEmployeeQualification">
        <test-method is-config="true" signature="setup(java.lang.String)[pri:0, instance:OrangeHRMTestcases.TC_5_AddEmployeeQualification@5acf93bb]" started-at="2024-10-18T16:49:05 IST" name="setup" finished-at="2024-10-18T16:49:11 IST" duration-ms="6164" status="PASS">
          <params>
            <param index="0">
              <value>
                <![CDATA[chrome]]>
              </value>
            </param>
          </params>
          <reporter-output>
          </reporter-output>
        </test-method> <!-- setup -->
        <test-method signature="EmployeeQualification()[pri:0, instance:OrangeHRMTestcases.TC_5_AddEmployeeQualification@5acf93bb]" started-at="2024-10-18T16:49:11 IST" name="EmployeeQualification" finished-at="2024-10-18T16:50:32 IST" duration-ms="81094" status="PASS">
          <reporter-output>
          </reporter-output>
        </test-method> <!-- EmployeeQualification -->
        <test-method is-config="true" signature="teardown()[pri:0, instance:OrangeHRMTestcases.TC_5_AddEmployeeQualification@5acf93bb]" started-at="2024-10-18T16:50:32 IST" name="teardown" finished-at="2024-10-18T16:50:32 IST" duration-ms="487" status="PASS">
          <reporter-output>
          </reporter-output>
        </test-method> <!-- teardown -->
      </class> <!-- OrangeHRMTestcases.TC_5_AddEmployeeQualification -->
      <class name="OrangeHRMTestcases.TC_4_AddEmployeeInfo">
        <test-method is-config="true" signature="setup(java.lang.String)[pri:0, instance:OrangeHRMTestcases.TC_4_AddEmployeeInfo@1a18644]" started-at="2024-10-18T16:48:05 IST" name="setup" finished-at="2024-10-18T16:48:12 IST" duration-ms="7134" status="PASS">
          <params>
            <param index="0">
              <value>
                <![CDATA[chrome]]>
              </value>
            </param>
          </params>
          <reporter-output>
          </reporter-output>
        </test-method> <!-- setup -->
        <test-method signature="AddDetails()[pri:0, instance:OrangeHRMTestcases.TC_4_AddEmployeeInfo@1a18644]" started-at="2024-10-18T16:48:12 IST" name="AddDetails" finished-at="2024-10-18T16:49:04 IST" duration-ms="52049" status="PASS">
          <reporter-output>
          </reporter-output>
        </test-method> <!-- AddDetails -->
        <test-method is-config="true" signature="teardown()[pri:0, instance:OrangeHRMTestcases.TC_4_AddEmployeeInfo@1a18644]" started-at="2024-10-18T16:49:04 IST" name="teardown" finished-at="2024-10-18T16:49:05 IST" duration-ms="396" status="PASS">
          <reporter-output>
          </reporter-output>
        </test-method> <!-- teardown -->
      </class> <!-- OrangeHRMTestcases.TC_4_AddEmployeeInfo -->
      <class name="OrangeHRMTestcases.TC_1_Admin_LoginTestCase">
        <test-method is-config="true" signature="setup(java.lang.String)[pri:0, instance:OrangeHRMTestcases.TC_1_Admin_LoginTestCase@6283d8b8]" started-at="2024-10-18T16:45:42 IST" name="setup" finished-at="2024-10-18T16:45:52 IST" duration-ms="10560" status="PASS">
          <params>
            <param index="0">
              <value>
                <![CDATA[chrome]]>
              </value>
            </param>
          </params>
          <reporter-output>
          </reporter-output>
        </test-method> <!-- setup -->
        <test-method signature="Adminlogintest()[pri:0, instance:OrangeHRMTestcases.TC_1_Admin_LoginTestCase@6283d8b8]" started-at="2024-10-18T16:45:52 IST" name="Adminlogintest" finished-at="2024-10-18T16:46:09 IST" duration-ms="17090" status="PASS">
          <reporter-output>
          </reporter-output>
        </test-method> <!-- Adminlogintest -->
        <test-method is-config="true" signature="teardown()[pri:0, instance:OrangeHRMTestcases.TC_1_Admin_LoginTestCase@6283d8b8]" started-at="2024-10-18T16:46:09 IST" name="teardown" finished-at="2024-10-18T16:46:10 IST" duration-ms="337" status="PASS">
          <reporter-output>
          </reporter-output>
        </test-method> <!-- teardown -->
      </class> <!-- OrangeHRMTestcases.TC_1_Admin_LoginTestCase -->
      <class name="OrangeHRMTestcases.TC_3_EmployeeLogin">
        <test-method is-config="true" signature="setup(java.lang.String)[pri:0, instance:OrangeHRMTestcases.TC_3_EmployeeLogin@a530d0a]" started-at="2024-10-18T16:47:30 IST" name="setup" finished-at="2024-10-18T16:47:40 IST" duration-ms="9572" status="PASS">
          <params>
            <param index="0">
              <value>
                <![CDATA[chrome]]>
              </value>
            </param>
          </params>
          <reporter-output>
          </reporter-output>
        </test-method> <!-- setup -->
        <test-method signature="EmployeeLogin()[pri:0, instance:OrangeHRMTestcases.TC_3_EmployeeLogin@a530d0a]" started-at="2024-10-18T16:47:40 IST" name="EmployeeLogin" finished-at="2024-10-18T16:48:05 IST" duration-ms="24629" status="PASS">
          <reporter-output>
          </reporter-output>
        </test-method> <!-- EmployeeLogin -->
        <test-method is-config="true" signature="teardown()[pri:0, instance:OrangeHRMTestcases.TC_3_EmployeeLogin@a530d0a]" started-at="2024-10-18T16:48:05 IST" name="teardown" finished-at="2024-10-18T16:48:05 IST" duration-ms="365" status="PASS">
          <reporter-output>
          </reporter-output>
        </test-method> <!-- teardown -->
      </class> <!-- OrangeHRMTestcases.TC_3_EmployeeLogin -->
      <class name="OrangeHRMTestcases.TC_6_AdminCheckingEmployee">
        <test-method is-config="true" signature="setup(java.lang.String)[pri:0, instance:OrangeHRMTestcases.TC_6_AdminCheckingEmployee@7e7be63f]" started-at="2024-10-18T16:50:32 IST" name="setup" finished-at="2024-10-18T16:50:41 IST" duration-ms="8384" status="PASS">
          <params>
            <param index="0">
              <value>
                <![CDATA[chrome]]>
              </value>
            </param>
          </params>
          <reporter-output>
          </reporter-output>
        </test-method> <!-- setup -->
        <test-method signature="EmployeeChecking()[pri:0, instance:OrangeHRMTestcases.TC_6_AdminCheckingEmployee@7e7be63f]" started-at="2024-10-18T16:50:41 IST" name="EmployeeChecking" finished-at="2024-10-18T16:51:37 IST" duration-ms="56635" status="PASS">
          <reporter-output>
          </reporter-output>
        </test-method> <!-- EmployeeChecking -->
        <test-method is-config="true" signature="teardown()[pri:0, instance:OrangeHRMTestcases.TC_6_AdminCheckingEmployee@7e7be63f]" started-at="2024-10-18T16:51:37 IST" name="teardown" finished-at="2024-10-18T16:51:38 IST" duration-ms="416" status="PASS">
          <reporter-output>
          </reporter-output>
        </test-method> <!-- teardown -->
      </class> <!-- OrangeHRMTestcases.TC_6_AdminCheckingEmployee -->
      <class name="OrangeHRMTestcases.TC_2_AddNewEmployee">
        <test-method is-config="true" signature="setup(java.lang.String)[pri:0, instance:OrangeHRMTestcases.TC_2_AddNewEmployee@2f217633]" started-at="2024-10-18T16:46:10 IST" name="setup" finished-at="2024-10-18T16:46:19 IST" duration-ms="9088" status="PASS">
          <params>
            <param index="0">
              <value>
                <![CDATA[chrome]]>
              </value>
            </param>
          </params>
          <reporter-output>
          </reporter-output>
        </test-method> <!-- setup -->
        <test-method signature="AddEmployee()[pri:0, instance:OrangeHRMTestcases.TC_2_AddNewEmployee@2f217633]" started-at="2024-10-18T16:46:19 IST" name="AddEmployee" finished-at="2024-10-18T16:47:30 IST" duration-ms="71100" status="PASS">
          <reporter-output>
          </reporter-output>
        </test-method> <!-- AddEmployee -->
        <test-method is-config="true" signature="teardown()[pri:0, instance:OrangeHRMTestcases.TC_2_AddNewEmployee@2f217633]" started-at="2024-10-18T16:47:30 IST" name="teardown" finished-at="2024-10-18T16:47:30 IST" duration-ms="442" status="PASS">
          <reporter-output>
          </reporter-output>
        </test-method> <!-- teardown -->
      </class> <!-- OrangeHRMTestcases.TC_2_AddNewEmployee -->
    </test> <!-- Test -->
  </suite> <!-- Suite -->
</testng-results>
